<?xml version="1.0" encoding="UTF-8"?>
<!-- Generated by org.testng.reporters.JUnitReportReporter -->
<testsuite hostname="rohit-pc" name="testng.Firstprog" tests="1" failures="1" timestamp="9 Oct 2014 10:58:45 GMT" time="50.099" errors="0">
  <testcase name="openbrowserandurl" time="50.099" classname="testng.Firstprog">
    <failure type="org.openqa.selenium.WebDriverException" message="Failed to connect to binary FirefoxBinary(C:\Program Files (x86)\Mozilla Firefox\firefox.exe) on port 7055; process output follows: 
272	addons.xpi	INFO	Mapping firefox@gingersoftware.2.0.0.64.com to C:\Program Files (x86)\Ginger\Mozilla\firefox@gingersoftware.2.0.0.64.com
1412852280272	addons.xpi	DEBUG	Skipping unavailable install location app-system-local
1412852280272	addons.xpi	DEBUG	Skipping unavailable install location app-system-share
1412852280273	addons.xpi	INFO	Mapping {82AF8DCA-6DE9-405D-BD5E-43525BDAD38A} to C:\Program Files (x86)\Mozilla Firefox\browser\extensions\{82AF8DCA-6DE9-405D-BD5E-43525BDAD38A}.xpi
1412852280273	addons.xpi	INFO	Mapping {972ce4c6-7e08-4474-a285-3208198ce6fd} to C:\Program Files (x86)\Mozilla Firefox\browser\extensions\{972ce4c6-7e08-4474-a285-3208198ce6fd}
1412852280274	addons.xpi	INFO	Mapping fxdriver@googlecode.com to C:\Users\Sampath\AppData\Local\Temp\anonymous6361414524846532977webdriver-profile\extensions\fxdriver@googlecode.com
1412852280275	addons.xpi	DEBUG	Ignoring file entry whose name is not a valid add-on ID: C:\Users\Sampath\AppData\Local\Temp\anonymous6361414524846532977webdriver-profile\extensions\webdriver-staging
1412852280275	addons.xpi	DEBUG	checkForChanges
1412852280452	addons.xpi	DEBUG	No changes found
1412852280455	addons.xpi	DEBUG	Registering manifest for C:\Program Files (x86)\Mozilla Firefox\browser\extensions\{82AF8DCA-6DE9-405D-BD5E-43525BDAD38A}.xpi
1412852280455	addons.xpi	DEBUG	Loading bootstrap scope from C:\Program Files (x86)\Mozilla Firefox\browser\extensions\{82AF8DCA-6DE9-405D-BD5E-43525BDAD38A}.xpi
1412852280460	addons.xpi	DEBUG	Calling bootstrap method startup on {82AF8DCA-6DE9-405D-BD5E-43525BDAD38A} version 7.3.16540.9015
*** Blocklist::_preloadBlocklistFile: blocklist is disabled
console.error: skype_ff_extension: 
  DEPRECATED: The widget module is deprecated.  Please consider using the sdk/ui module instead.
Traceback (most recent call last):
  File &quot;resource://gre/modules/commonjs/sdk/addon/runner.js&quot;, line 114, in startup/&lt;
    run(options);
  File &quot;resource://gre/modules/commonjs/sdk/addon/runner.js&quot;, line 170, in run
    let program = main(options.loader, options.main);
  File &quot;resource://gre/modules/commonjs/toolkit/loader.js&quot;, line 645, in main
    return loader.load(loader, module).exports;
  File &quot;resource://gre/modules/commonjs/sdk/loader/cuddlefish.js&quot;, line 129, in CuddlefishLoader/options&lt;.load
    result = load(loader, module);
  File &quot;resource://gre/modules/commonjs/toolkit/loader.js&quot;, line 299, in load
    evaluate(sandbox, module.uri);
  File &quot;resource://gre/modules/commonjs/toolkit/loader.js&quot;, line 262, in evaluate
    : loadSubScript(uri, sandbox, encoding);
  File &quot;resource://skype_ff_extension-at-jetpack/skype_ff_extension/lib/main.js&quot;, line 14, in null
    var widgets = require(&quot;sdk/widget&quot;);
  File &quot;resource://gre/modules/commonjs/toolkit/loader.js&quot;, line 619, in require
    freeze(load(loader, module));
  File &quot;resource://gre/modules/commonjs/sdk/loader/cuddlefish.js&quot;, line 129, in CuddlefishLoader/options&lt;.load
    result = load(loader, module);
  File &quot;resource://gre/modules/commonjs/toolkit/loader.js&quot;, line 299, in load
    evaluate(sandbox, module.uri);
  File &quot;resource://gre/modules/commonjs/toolkit/loader.js&quot;, line 262, in evaluate
    : loadSubScript(uri, sandbox, encoding);
  File &quot;resource://gre/modules/commonjs/sdk/widget.js&quot;, line 60, in null
    &quot;The widget module is deprecated.  &quot; +
  File &quot;resource://gre/modules/commonjs/sdk/util/deprecate.js&quot;, line 18, in deprecateUsage
    let stack = get().slice(2);
JavaScript error: resource://skype_ff_extension-at-jetpack/skype_ff_extension/data/c2c_options_menu_localization.js, line 189: document.getElementById(...) is null
JavaScript error: chrome://browser/content/urlbarBindings.xml, line 677: aUrl is undefined
1412852285099	addons.xpi	DEBUG	Calling bootstrap method shutdown on {82AF8DCA-6DE9-405D-BD5E-43525BDAD38A} version 7.3.16540.9015
1412852285758	addons.manager	DEBUG	shutdown
1412852285761	addons.xpi	DEBUG	shutdown
1412852285762	addons.xpi	DEBUG	Notifying XPI shutdown observers
1412852285768	addons.manager	DEBUG	Async provider shutdown done

Build info: version: &#039;2.42.2&#039;, revision: &#039;6a6995d&#039;, time: &#039;2014-06-03 17:42:30&#039;
System info: host: &#039;rohit-pc&#039;, ip: &#039;192.168.0.104&#039;, os.name: &#039;Windows 7&#039;, os.arch: &#039;amd64&#039;, os.version: &#039;6.1&#039;, java.version: &#039;1.7.0_09&#039;
Driver info: driver.version: FirefoxDriver">
      <![CDATA[org.openqa.selenium.WebDriverException: Failed to connect to binary FirefoxBinary(C:\Program Files (x86)\Mozilla Firefox\firefox.exe) on port 7055; process output follows: 
272	addons.xpi	INFO	Mapping firefox@gingersoftware.2.0.0.64.com to C:\Program Files (x86)\Ginger\Mozilla\firefox@gingersoftware.2.0.0.64.com
1412852280272	addons.xpi	DEBUG	Skipping unavailable install location app-system-local
1412852280272	addons.xpi	DEBUG	Skipping unavailable install location app-system-share
1412852280273	addons.xpi	INFO	Mapping {82AF8DCA-6DE9-405D-BD5E-43525BDAD38A} to C:\Program Files (x86)\Mozilla Firefox\browser\extensions\{82AF8DCA-6DE9-405D-BD5E-43525BDAD38A}.xpi
1412852280273	addons.xpi	INFO	Mapping {972ce4c6-7e08-4474-a285-3208198ce6fd} to C:\Program Files (x86)\Mozilla Firefox\browser\extensions\{972ce4c6-7e08-4474-a285-3208198ce6fd}
1412852280274	addons.xpi	INFO	Mapping fxdriver@googlecode.com to C:\Users\Sampath\AppData\Local\Temp\anonymous6361414524846532977webdriver-profile\extensions\fxdriver@googlecode.com
1412852280275	addons.xpi	DEBUG	Ignoring file entry whose name is not a valid add-on ID: C:\Users\Sampath\AppData\Local\Temp\anonymous6361414524846532977webdriver-profile\extensions\webdriver-staging
1412852280275	addons.xpi	DEBUG	checkForChanges
1412852280452	addons.xpi	DEBUG	No changes found
1412852280455	addons.xpi	DEBUG	Registering manifest for C:\Program Files (x86)\Mozilla Firefox\browser\extensions\{82AF8DCA-6DE9-405D-BD5E-43525BDAD38A}.xpi
1412852280455	addons.xpi	DEBUG	Loading bootstrap scope from C:\Program Files (x86)\Mozilla Firefox\browser\extensions\{82AF8DCA-6DE9-405D-BD5E-43525BDAD38A}.xpi
1412852280460	addons.xpi	DEBUG	Calling bootstrap method startup on {82AF8DCA-6DE9-405D-BD5E-43525BDAD38A} version 7.3.16540.9015
*** Blocklist::_preloadBlocklistFile: blocklist is disabled
console.error: skype_ff_extension: 
  DEPRECATED: The widget module is deprecated.  Please consider using the sdk/ui module instead.
Traceback (most recent call last):
  File "resource://gre/modules/commonjs/sdk/addon/runner.js", line 114, in startup/<
    run(options);
  File "resource://gre/modules/commonjs/sdk/addon/runner.js", line 170, in run
    let program = main(options.loader, options.main);
  File "resource://gre/modules/commonjs/toolkit/loader.js", line 645, in main
    return loader.load(loader, module).exports;
  File "resource://gre/modules/commonjs/sdk/loader/cuddlefish.js", line 129, in CuddlefishLoader/options<.load
    result = load(loader, module);
  File "resource://gre/modules/commonjs/toolkit/loader.js", line 299, in load
    evaluate(sandbox, module.uri);
  File "resource://gre/modules/commonjs/toolkit/loader.js", line 262, in evaluate
    : loadSubScript(uri, sandbox, encoding);
  File "resource://skype_ff_extension-at-jetpack/skype_ff_extension/lib/main.js", line 14, in null
    var widgets = require("sdk/widget");
  File "resource://gre/modules/commonjs/toolkit/loader.js", line 619, in require
    freeze(load(loader, module));
  File "resource://gre/modules/commonjs/sdk/loader/cuddlefish.js", line 129, in CuddlefishLoader/options<.load
    result = load(loader, module);
  File "resource://gre/modules/commonjs/toolkit/loader.js", line 299, in load
    evaluate(sandbox, module.uri);
  File "resource://gre/modules/commonjs/toolkit/loader.js", line 262, in evaluate
    : loadSubScript(uri, sandbox, encoding);
  File "resource://gre/modules/commonjs/sdk/widget.js", line 60, in null
    "The widget module is deprecated.  " +
  File "resource://gre/modules/commonjs/sdk/util/deprecate.js", line 18, in deprecateUsage
    let stack = get().slice(2);
JavaScript error: resource://skype_ff_extension-at-jetpack/skype_ff_extension/data/c2c_options_menu_localization.js, line 189: document.getElementById(...) is null
JavaScript error: chrome://browser/content/urlbarBindings.xml, line 677: aUrl is undefined
1412852285099	addons.xpi	DEBUG	Calling bootstrap method shutdown on {82AF8DCA-6DE9-405D-BD5E-43525BDAD38A} version 7.3.16540.9015
1412852285758	addons.manager	DEBUG	shutdown
1412852285761	addons.xpi	DEBUG	shutdown
1412852285762	addons.xpi	DEBUG	Notifying XPI shutdown observers
1412852285768	addons.manager	DEBUG	Async provider shutdown done

Build info: version: '2.42.2', revision: '6a6995d', time: '2014-06-03 17:42:30'
System info: host: 'rohit-pc', ip: '192.168.0.104', os.name: 'Windows 7', os.arch: 'amd64', os.version: '6.1', java.version: '1.7.0_09'
Driver info: driver.version: FirefoxDriver
	at org.openqa.selenium.firefox.internal.NewProfileExtensionConnection.start(NewProfileExtensionConnection.java:130)
	at org.openqa.selenium.firefox.FirefoxDriver.startClient(FirefoxDriver.java:246)
	at org.openqa.selenium.remote.RemoteWebDriver.<init>(RemoteWebDriver.java:114)
	at org.openqa.selenium.firefox.FirefoxDriver.<init>(FirefoxDriver.java:193)
	at org.openqa.selenium.firefox.FirefoxDriver.<init>(FirefoxDriver.java:186)
	at org.openqa.selenium.firefox.FirefoxDriver.<init>(FirefoxDriver.java:182)
	at org.openqa.selenium.firefox.FirefoxDriver.<init>(FirefoxDriver.java:95)
	at testng.Firstprog.openbrowserandurl(Firstprog.java:16)
	at sun.reflect.NativeMethodAccessorImpl.invoke0(Native Method)
	at sun.reflect.NativeMethodAccessorImpl.invoke(Unknown Source)
	at sun.reflect.DelegatingMethodAccessorImpl.invoke(Unknown Source)
	at java.lang.reflect.Method.invoke(Unknown Source)
	at org.testng.internal.MethodInvocationHelper.invokeMethod(MethodInvocationHelper.java:84)
	at org.testng.internal.Invoker.invokeMethod(Invoker.java:714)
	at org.testng.internal.Invoker.invokeTestMethod(Invoker.java:901)
	at org.testng.internal.Invoker.invokeTestMethods(Invoker.java:1231)
	at org.testng.internal.TestMethodWorker.invokeTestMethods(TestMethodWorker.java:127)
	at org.testng.internal.TestMethodWorker.run(TestMethodWorker.java:111)
	at org.testng.TestRunner.privateRun(TestRunner.java:767)
	at org.testng.TestRunner.run(TestRunner.java:617)
	at org.testng.SuiteRunner.runTest(SuiteRunner.java:334)
	at org.testng.SuiteRunner.runSequentially(SuiteRunner.java:329)
	at org.testng.SuiteRunner.privateRun(SuiteRunner.java:291)
	at org.testng.SuiteRunner.run(SuiteRunner.java:240)
	at org.testng.SuiteRunnerWorker.runSuite(SuiteRunnerWorker.java:52)
	at org.testng.SuiteRunnerWorker.run(SuiteRunnerWorker.java:86)
	at org.testng.TestNG.runSuitesSequentially(TestNG.java:1224)
	at org.testng.TestNG.runSuitesLocally(TestNG.java:1149)
	at org.testng.TestNG.run(TestNG.java:1057)
	at org.testng.remote.RemoteTestNG.run(RemoteTestNG.java:111)
	at org.testng.remote.RemoteTestNG.initAndRun(RemoteTestNG.java:204)
	at org.testng.remote.RemoteTestNG.main(RemoteTestNG.java:175)
Caused by: org.openqa.selenium.firefox.NotConnectedException: Unable to connect to host 127.0.0.1 on port 7055 after 45000 ms. Firefox console output:
272	addons.xpi	INFO	Mapping firefox@gingersoftware.2.0.0.64.com to C:\Program Files (x86)\Ginger\Mozilla\firefox@gingersoftware.2.0.0.64.com
1412852280272	addons.xpi	DEBUG	Skipping unavailable install location app-system-local
1412852280272	addons.xpi	DEBUG	Skipping unavailable install location app-system-share
1412852280273	addons.xpi	INFO	Mapping {82AF8DCA-6DE9-405D-BD5E-43525BDAD38A} to C:\Program Files (x86)\Mozilla Firefox\browser\extensions\{82AF8DCA-6DE9-405D-BD5E-43525BDAD38A}.xpi
1412852280273	addons.xpi	INFO	Mapping {972ce4c6-7e08-4474-a285-3208198ce6fd} to C:\Program Files (x86)\Mozilla Firefox\browser\extensions\{972ce4c6-7e08-4474-a285-3208198ce6fd}
1412852280274	addons.xpi	INFO	Mapping fxdriver@googlecode.com to C:\Users\Sampath\AppData\Local\Temp\anonymous6361414524846532977webdriver-profile\extensions\fxdriver@googlecode.com
1412852280275	addons.xpi	DEBUG	Ignoring file entry whose name is not a valid add-on ID: C:\Users\Sampath\AppData\Local\Temp\anonymous6361414524846532977webdriver-profile\extensions\webdriver-staging
1412852280275	addons.xpi	DEBUG	checkForChanges
1412852280452	addons.xpi	DEBUG	No changes found
1412852280455	addons.xpi	DEBUG	Registering manifest for C:\Program Files (x86)\Mozilla Firefox\browser\extensions\{82AF8DCA-6DE9-405D-BD5E-43525BDAD38A}.xpi
1412852280455	addons.xpi	DEBUG	Loading bootstrap scope from C:\Program Files (x86)\Mozilla Firefox\browser\extensions\{82AF8DCA-6DE9-405D-BD5E-43525BDAD38A}.xpi
1412852280460	addons.xpi	DEBUG	Calling bootstrap method startup on {82AF8DCA-6DE9-405D-BD5E-43525BDAD38A} version 7.3.16540.9015
*** Blocklist::_preloadBlocklistFile: blocklist is disabled
console.error: skype_ff_extension: 
  DEPRECATED: The widget module is deprecated.  Please consider using the sdk/ui module instead.
Traceback (most recent call last):
  File "resource://gre/modules/commonjs/sdk/addon/runner.js", line 114, in startup/<
    run(options);
  File "resource://gre/modules/commonjs/sdk/addon/runner.js", line 170, in run
    let program = main(options.loader, options.main);
  File "resource://gre/modules/commonjs/toolkit/loader.js", line 645, in main
    return loader.load(loader, module).exports;
  File "resource://gre/modules/commonjs/sdk/loader/cuddlefish.js", line 129, in CuddlefishLoader/options<.load
    result = load(loader, module);
  File "resource://gre/modules/commonjs/toolkit/loader.js", line 299, in load
    evaluate(sandbox, module.uri);
  File "resource://gre/modules/commonjs/toolkit/loader.js", line 262, in evaluate
    : loadSubScript(uri, sandbox, encoding);
  File "resource://skype_ff_extension-at-jetpack/skype_ff_extension/lib/main.js", line 14, in null
    var widgets = require("sdk/widget");
  File "resource://gre/modules/commonjs/toolkit/loader.js", line 619, in require
    freeze(load(loader, module));
  File "resource://gre/modules/commonjs/sdk/loader/cuddlefish.js", line 129, in CuddlefishLoader/options<.load
    result = load(loader, module);
  File "resource://gre/modules/commonjs/toolkit/loader.js", line 299, in load
    evaluate(sandbox, module.uri);
  File "resource://gre/modules/commonjs/toolkit/loader.js", line 262, in evaluate
    : loadSubScript(uri, sandbox, encoding);
  File "resource://gre/modules/commonjs/sdk/widget.js", line 60, in null
    "The widget module is deprecated.  " +
  File "resource://gre/modules/commonjs/sdk/util/deprecate.js", line 18, in deprecateUsage
    let stack = get().slice(2);
JavaScript error: resource://skype_ff_extension-at-jetpack/skype_ff_extension/data/c2c_options_menu_localization.js, line 189: document.getElementById(...) is null
JavaScript error: chrome://browser/content/urlbarBindings.xml, line 677: aUrl is undefined
1412852285099	addons.xpi	DEBUG	Calling bootstrap method shutdown on {82AF8DCA-6DE9-405D-BD5E-43525BDAD38A} version 7.3.16540.9015
1412852285758	addons.manager	DEBUG	shutdown
1412852285761	addons.xpi	DEBUG	shutdown
1412852285762	addons.xpi	DEBUG	Notifying XPI shutdown observers
1412852285768	addons.manager	DEBUG	Async provider shutdown done

	at org.openqa.selenium.firefox.internal.NewProfileExtensionConnection.start(NewProfileExtensionConnection.java:118)
	... 31 more
]]>
    </failure>
  </testcase> <!-- openbrowserandurl -->
</testsuite> <!-- testng.Firstprog -->
