<?xml version="1.0" encoding="UTF-8"?>
<!-- Generated by org.testng.reporters.JUnitReportReporter -->
<testsuite hostname="kustommade-desktop" name="kitchen.ScheduleCallBack" tests="1" failures="0" timestamp="18 Sep 2015 00:39:32 GMT" time="70.218" errors="0">
  <testcase name="Kitchen" time="70.218" classname="kitchen.ScheduleCallBack"/>
</testsuite> <!-- kitchen.ScheduleCallBack -->
