<?xml version="1.0" encoding="UTF-8"?>
<!-- Generated by org.testng.reporters.JUnitReportReporter -->
<testsuite hostname="kustommade-desktop" name="kitchen.RemoveUnits" tests="1" failures="0" timestamp="18 Sep 2015 00:39:32 GMT" time="271.892" errors="0">
  <testcase name="removeUnits" time="271.892" classname="kitchen.RemoveUnits"/>
</testsuite> <!-- kitchen.RemoveUnits -->
