<?xml version="1.0" encoding="UTF-8"?>
<!-- Generated by org.testng.reporters.JUnitReportReporter -->
<testsuite hostname="kustommade-desktop" name="kitchen.DimensionsCheck" tests="1" failures="0" timestamp="18 Sep 2015 00:39:32 GMT" time="57.394" errors="0">
  <testcase name="CheckDimensions" time="57.394" classname="kitchen.DimensionsCheck"/>
</testsuite> <!-- kitchen.DimensionsCheck -->
