<?xml version="1.0" encoding="UTF-8"?>
<!-- Generated by org.testng.reporters.JUnitReportReporter -->
<testsuite hostname="kustommade-desktop" name="LandPageTemplates.CheckRedirection" tests="1" failures="0" timestamp="17 Sep 2015 19:55:59 GMT" time="6.658" errors="0">
  <testcase name="Checkredirection" time="6.658" classname="LandPageTemplates.CheckRedirection"/>
</testsuite> <!-- LandPageTemplates.CheckRedirection -->
