<?xml version="1.0" encoding="UTF-8"?>
<!-- Generated by org.testng.reporters.JUnitReportReporter -->
<testsuite hostname="kustommade-desktop" name="SlidingDoors.SlidingDoorsChange" tests="1" failures="0" timestamp="17 Sep 2015 19:55:59 GMT" time="103.441" errors="0">
  <testcase name="slidingdoorchange" time="103.441" classname="SlidingDoors.SlidingDoorsChange"/>
</testsuite> <!-- SlidingDoors.SlidingDoorsChange -->
