<?xml version="1.0" encoding="UTF-8"?>
<!-- Generated by org.testng.reporters.JUnitReportReporter -->
<testsuite hostname="kustommade-desktop" name="Signup_v2.Signup" tests="10" failures="0" timestamp="17 Sep 2015 19:55:59 GMT" time="426.685" errors="0">
  <testcase name="Cartpage" time="30.563" classname="Signup_v2.Signup"/>
  <testcase name="Accessoriespage" time="29.564" classname="Signup_v2.Signup"/>
  <testcase name="Dimensionspage" time="84.741" classname="Signup_v2.Signup"/>
  <testcase name="Subscribe" time="11.917" classname="Signup_v2.Signup"/>
  <testcase name="Interiorspage" time="30.318" classname="Signup_v2.Signup"/>
  <testcase name="Orderpage" time="34.166" classname="Signup_v2.Signup"/>
  <testcase name="Templatespage" time="82.043" classname="Signup_v2.Signup"/>
  <testcase name="Exteriorspage" time="30.264" classname="Signup_v2.Signup"/>
  <testcase name="DoorTypepage" time="29.984" classname="Signup_v2.Signup"/>
  <testcase name="Landingpage" time="63.125" classname="Signup_v2.Signup"/>
</testsuite> <!-- Signup_v2.Signup -->
