<?xml version="1.0" encoding="UTF-8"?>
<!-- Generated by org.testng.reporters.JUnitReportReporter -->
<testsuite hostname="Dinesh-PC" name="test.sliding" tests="1" failures="0" timestamp="24 Sep 2014 14:02:32 GMT" time="1191.583" errors="0">
  <testcase name="slidingDoors" time="1191.583" classname="test.sliding"/>
</testsuite> <!-- test.sliding -->
