<?xml version="1.0" encoding="UTF-8"?>
<!-- Generated by org.testng.reporters.JUnitReportReporter -->
<testsuite hostname="Dinesh-PC" name="src.NewTest" tests="2" failures="0" timestamp="19 Sep 2014 13:26:11 GMT" time="0.007" errors="0">
  <testcase name="test2" time="0.002" classname="src.NewTest"/>
  <testcase name="test1" time="0.005" classname="src.NewTest"/>
</testsuite> <!-- src.NewTest -->
