<?xml version="1.0" encoding="UTF-8"?>
<!-- Generated by org.testng.reporters.JUnitReportReporter -->
<testsuite hostname="Dinesh-PC" name="src.MainTest" tests="1" failures="0" timestamp="23 Sep 2014 11:07:43 GMT" time="63.955" errors="0">
  <testcase name="SignUp" time="63.955" classname="src.MainTest"/>
</testsuite> <!-- src.MainTest -->
