<?xml version="1.0" encoding="UTF-8"?>
<!-- Generated by org.testng.reporters.JUnitReportReporter -->
<testsuite hostname="kustommade-desktop" name="CartPage.CartPage" tests="1" failures="0" timestamp="17 Sep 2015 19:55:59 GMT" time="145.543" errors="0">
  <testcase name="Cartpage" time="145.543" classname="CartPage.CartPage"/>
</testsuite> <!-- CartPage.CartPage -->
