<?xml version="1.0" encoding="UTF-8"?>
<!-- Generated by org.testng.reporters.JUnitReportReporter -->
<testsuite hostname="kustommade-desktop" name="OrderPage.OrderPage" tests="1" failures="0" timestamp="17 Sep 2015 19:55:59 GMT" time="180.627" errors="0">
  <testcase name="Orderpage" time="180.627" classname="OrderPage.OrderPage"/>
</testsuite> <!-- OrderPage.OrderPage -->
