<?xml version="1.0" encoding="UTF-8"?>
<!-- Generated by org.testng.reporters.JUnitReportReporter -->
<testsuite hostname="kustommade-desktop" name="Signup.Subscribe" tests="1" failures="0" timestamp="17 Sep 2015 19:55:59 GMT" time="10.911" errors="0">
  <testcase name="subscribe" time="10.911" classname="Signup.Subscribe"/>
</testsuite> <!-- Signup.Subscribe -->
