<?xml version="1.0" encoding="UTF-8"?>
<!-- Generated by org.testng.reporters.JUnitReportReporter -->
<testsuite hostname="kustommade-desktop" name="SpecialCase.SpecialCase" tests="1" failures="0" timestamp="17 Sep 2015 19:55:59 GMT" time="363.152" errors="0">
  <testcase name="specialCase" time="363.152" classname="SpecialCase.SpecialCase"/>
</testsuite> <!-- SpecialCase.SpecialCase -->
