<?xml version="1.0" encoding="UTF-8"?>
<!-- Generated by org.testng.reporters.JUnitReportReporter -->
<testsuite hostname="kustommade-desktop" name="LinksLandingPage.LinksLandingPage" tests="1" failures="0" timestamp="17 Sep 2015 19:55:59 GMT" time="541.856" errors="0">
  <testcase name="LandingPage" time="541.856" classname="LinksLandingPage.LinksLandingPage"/>
</testsuite> <!-- LinksLandingPage.LinksLandingPage -->
