<?xml version="1.0" encoding="UTF-8"?>
<!-- Generated by org.testng.reporters.JUnitReportReporter -->
<testsuite hostname="kustommade-desktop" name="SaveDesign.SaveDesign" tests="2" failures="0" timestamp="17 Sep 2015 19:55:59 GMT" time="278.179" errors="0">
  <testcase name="Exteriors" time="136.406" classname="SaveDesign.SaveDesign"/>
  <testcase name="Interiors" time="141.773" classname="SaveDesign.SaveDesign"/>
</testsuite> <!-- SaveDesign.SaveDesign -->
