<?xml version="1.0" encoding="UTF-8"?>
<!-- Generated by org.testng.reporters.JUnitReportReporter -->
<testsuite hostname="kustommade-desktop" name="AccessoriesPrice.AccessoriesPrice" tests="1" failures="0" timestamp="17 Sep 2015 19:55:59 GMT" time="210.772" errors="0">
  <testcase name="CheckAccessoriesPrice" time="210.772" classname="AccessoriesPrice.AccessoriesPrice"/>
</testsuite> <!-- AccessoriesPrice.AccessoriesPrice -->
