<?xml version="1.0" encoding="UTF-8"?>
<!-- Generated by org.testng.reporters.JUnitReportReporter -->
<testsuite hostname="User2" name="test.test" tests="1" failures="0" timestamp="8 Oct 2014 10:50:51 GMT" time="0.016" errors="0">
  <testcase name="f" time="0.016" classname="test.test"/>
</testsuite> <!-- test.test -->
