<?xml version="1.0" encoding="UTF-8"?>
<!-- Generated by org.testng.reporters.JUnitReportReporter -->
<testsuite hostname="User2" name="test.Subscribe" tests="1" failures="0" timestamp="10 Oct 2014 03:44:10 GMT" time="39.635" errors="0">
  <testcase name="subscribe" time="39.635" classname="test.Subscribe"/>
</testsuite> <!-- test.Subscribe -->
