<?xml version="1.0" encoding="UTF-8"?>
<!-- Generated by org.testng.reporters.JUnitReportReporter -->
<testsuite hostname="customfurnish-Lenovo-G50-70" name="samplepack.sampletestngtest" tests="2" failures="0" timestamp="5 Nov 2015 05:09:50 GMT" time="0.012" errors="0">
  <testcase name="testcase1" time="0.011" classname="samplepack.sampletestngtest"/>
  <testcase name="testcase2" time="0.001" classname="samplepack.sampletestngtest"/>
</testsuite> <!-- samplepack.sampletestngtest -->
