<?xml version="1.0" encoding="UTF-8"?>
<!-- Generated by org.testng.reporters.JUnitReportReporter -->
<testsuite hostname="customfurnish-Lenovo-G50-70" name="curtaintestngpack.curtaintestng" tests="1" failures="0" timestamp="5 Nov 2015 07:43:38 GMT" time="13.888" errors="0">
  <testcase name="f" time="13.888" classname="curtaintestngpack.curtaintestng"/>
</testsuite> <!-- curtaintestngpack.curtaintestng -->
