<?xml version="1.0" encoding="UTF-8"?>
<!-- Generated by org.testng.reporters.JUnitReportReporter -->
<testsuite hostname="customfurnish-Lenovo-G50-70" name="testngpack.testngclass" tests="1" failures="0" timestamp="4 Nov 2015 12:09:16 GMT" time="8.096" errors="0">
  <testcase name="f" time="8.096" classname="testngpack.testngclass"/>
</testsuite> <!-- testngpack.testngclass -->
