<?xml version="1.0" encoding="UTF-8"?>
<!-- Generated by org.testng.reporters.JUnitReportReporter -->
<testsuite hostname="kustommade-desktop" name="dimensions.ExternalDoors" tests="1" failures="0" timestamp="17 Sep 2015 23:39:36 GMT" time="3261.368" errors="0">
  <testcase name="fullpanel" time="3261.368" classname="dimensions.ExternalDoors"/>
</testsuite> <!-- dimensions.ExternalDoors -->
