<?xml version="1.0" encoding="UTF-8"?>
<!-- Generated by org.testng.reporters.JUnitReportReporter -->
<testsuite hostname="kustommade-desktop" name="FullPanelDoors.CheckDimensions" tests="1" failures="0" timestamp="20 Jan 2015 22:10:09 GMT" time="3905.326" errors="0">
  <testcase name="fullpanel" time="3905.326" classname="FullPanelDoors.CheckDimensions"/>
</testsuite> <!-- FullPanelDoors.CheckDimensions -->
