<?xml version="1.0" encoding="UTF-8"?>
<!-- Generated by org.testng.reporters.JUnitReportReporter -->
<testsuite hostname="rohit-pc" name="furnishing.sample" tests="1" failures="0" timestamp="23 Apr 2015 06:18:47 GMT" time="348.440" errors="0">
  <testcase name="fullhouse" time="348.440" classname="furnishing.sample"/>
</testsuite> <!-- furnishing.sample -->
